This file contains any messages produced by compilers while
running configure, to aid debugging if configure makes a mistake.

It was created by npheap-fuse configure 2017-10-03, which was
generated by GNU Autoconf 2.69.  Invocation command line was

  $ ./configure 

## --------- ##
## Platform. ##
## --------- ##

hostname = meet-VirtualBox
uname -m = x86_64
uname -r = 4.10.0-28-generic
uname -s = Linux
uname -v = #32~16.04.2-Ubuntu SMP Thu Jul 20 10:19:48 UTC 2017

/usr/bin/uname -p = unknown
/bin/uname -X     = unknown

/bin/arch              = unknown
/usr/bin/arch -k       = unknown
/usr/convex/getsysinfo = unknown
/usr/bin/hostinfo      = unknown
/bin/machine           = unknown
/usr/bin/oslevel       = unknown
/bin/universe          = unknown

PATH: /home/meet/bin
PATH: /home/meet/.local/bin
PATH: /usr/local/sbin
PATH: /usr/local/bin
PATH: /usr/sbin
PATH: /usr/bin
PATH: /sbin
PATH: /bin
PATH: /usr/games
PATH: /usr/local/games
PATH: /snap/bin


## ----------- ##
## Core tests. ##
## ----------- ##

configure:2384: checking for a BSD-compatible install
configure:2452: result: /usr/bin/install -c
configure:2463: checking whether build environment is sane
configure:2518: result: yes
configure:2669: checking for a thread-safe mkdir -p
configure:2708: result: /bin/mkdir -p
configure:2715: checking for gawk
configure:2745: result: no
configure:2715: checking for mawk
configure:2731: found /usr/bin/mawk
configure:2742: result: mawk
configure:2753: checking whether make sets $(MAKE)
configure:2775: result: yes
configure:2804: checking whether make supports nested variables
configure:2821: result: yes
configure:3001: checking for gcc
configure:3017: found /usr/bin/gcc
configure:3028: result: gcc
configure:3257: checking for C compiler version
configure:3266: gcc --version >&5
gcc (Ubuntu 5.4.0-6ubuntu1~16.04.5) 5.4.0 20160609
Copyright (C) 2015 Free Software Foundation, Inc.
This is free software; see the source for copying conditions.  There is NO
warranty; not even for MERCHANTABILITY or FITNESS FOR A PARTICULAR PURPOSE.

configure:3277: $? = 0
configure:3266: gcc -v >&5
Using built-in specs.
COLLECT_GCC=gcc
COLLECT_LTO_WRAPPER=/usr/lib/gcc/x86_64-linux-gnu/5/lto-wrapper
Target: x86_64-linux-gnu
Configured with: ../src/configure -v --with-pkgversion='Ubuntu 5.4.0-6ubuntu1~16.04.5' --with-bugurl=file:///usr/share/doc/gcc-5/README.Bugs --enable-languages=c,ada,c++,java,go,d,fortran,objc,obj-c++ --prefix=/usr --program-suffix=-5 --enable-shared --enable-linker-build-id --libexecdir=/usr/lib --without-included-gettext --enable-threads=posix --libdir=/usr/lib --enable-nls --with-sysroot=/ --enable-clocale=gnu --enable-libstdcxx-debug --enable-libstdcxx-time=yes --with-default-libstdcxx-abi=new --enable-gnu-unique-object --disable-vtable-verify --enable-libmpx --enable-plugin --with-system-zlib --disable-browser-plugin --enable-java-awt=gtk --enable-gtk-cairo --with-java-home=/usr/lib/jvm/java-1.5.0-gcj-5-amd64/jre --enable-java-home --with-jvm-root-dir=/usr/lib/jvm/java-1.5.0-gcj-5-amd64 --with-jvm-jar-dir=/usr/lib/jvm-exports/java-1.5.0-gcj-5-amd64 --with-arch-directory=amd64 --with-ecj-jar=/usr/share/java/eclipse-ecj.jar --enable-objc-gc --enable-multiarch --disable-werror --with-arch-32=i686 --with-abi=m64 --with-multilib-list=m32,m64,mx32 --enable-multilib --with-tune=generic --enable-checking=release --build=x86_64-linux-gnu --host=x86_64-linux-gnu --target=x86_64-linux-gnu
Thread model: posix
gcc version 5.4.0 20160609 (Ubuntu 5.4.0-6ubuntu1~16.04.5) 
configure:3277: $? = 0
configure:3266: gcc -V >&5
gcc: error: unrecognized command line option '-V'
gcc: fatal error: no input files
compilation terminated.
configure:3277: $? = 1
configure:3266: gcc -qversion >&5
gcc: error: unrecognized command line option '-qversion'
gcc: fatal error: no input files
compilation terminated.
configure:3277: $? = 1
configure:3297: checking whether the C compiler works
configure:3319: gcc    conftest.c  >&5
configure:3323: $? = 0
configure:3371: result: yes
configure:3374: checking for C compiler default output file name
configure:3376: result: a.out
configure:3382: checking for suffix of executables
configure:3389: gcc -o conftest    conftest.c  >&5
configure:3393: $? = 0
configure:3415: result: 
configure:3437: checking whether we are cross compiling
configure:3445: gcc -o conftest    conftest.c  >&5
configure:3449: $? = 0
configure:3456: ./conftest
configure:3460: $? = 0
configure:3475: result: no
configure:3480: checking for suffix of object files
configure:3502: gcc -c   conftest.c >&5
configure:3506: $? = 0
configure:3527: result: o
configure:3531: checking whether we are using the GNU C compiler
configure:3550: gcc -c   conftest.c >&5
configure:3550: $? = 0
configure:3559: result: yes
configure:3568: checking whether gcc accepts -g
configure:3588: gcc -c -g  conftest.c >&5
configure:3588: $? = 0
configure:3629: result: yes
configure:3646: checking for gcc option to accept ISO C89
configure:3709: gcc  -c -g -O2  conftest.c >&5
configure:3709: $? = 0
configure:3722: result: none needed
configure:3747: checking whether gcc understands -c and -o together
configure:3769: gcc -c conftest.c -o conftest2.o
configure:3772: $? = 0
configure:3769: gcc -c conftest.c -o conftest2.o
configure:3772: $? = 0
configure:3784: result: yes
configure:3812: checking for style of include used by make
configure:3840: result: GNU
configure:3866: checking dependency style of gcc
configure:3977: result: gcc3
configure:4000: checking how to run the C preprocessor
configure:4031: gcc -E  conftest.c
configure:4031: $? = 0
configure:4045: gcc -E  conftest.c
conftest.c:11:28: fatal error: ac_nonexistent.h: No such file or directory
compilation terminated.
configure:4045: $? = 1
configure: failed program was:
| /* confdefs.h */
| #define PACKAGE_NAME "npheap-fuse"
| #define PACKAGE_TARNAME "npheap-fuse"
| #define PACKAGE_VERSION "2017-10-03"
| #define PACKAGE_STRING "npheap-fuse 2017-10-03"
| #define PACKAGE_BUGREPORT "htseng3@ncsu.edu"
| #define PACKAGE_URL ""
| #define PACKAGE "npheap-fuse"
| #define VERSION "2017-10-03"
| /* end confdefs.h.  */
| #include <ac_nonexistent.h>
configure:4070: result: gcc -E
configure:4090: gcc -E  conftest.c
configure:4090: $? = 0
configure:4104: gcc -E  conftest.c
conftest.c:11:28: fatal error: ac_nonexistent.h: No such file or directory
compilation terminated.
configure:4104: $? = 1
configure: failed program was:
| /* confdefs.h */
| #define PACKAGE_NAME "npheap-fuse"
| #define PACKAGE_TARNAME "npheap-fuse"
| #define PACKAGE_VERSION "2017-10-03"
| #define PACKAGE_STRING "npheap-fuse 2017-10-03"
| #define PACKAGE_BUGREPORT "htseng3@ncsu.edu"
| #define PACKAGE_URL ""
| #define PACKAGE "npheap-fuse"
| #define VERSION "2017-10-03"
| /* end confdefs.h.  */
| #include <ac_nonexistent.h>
configure:4133: checking for grep that handles long lines and -e
configure:4191: result: /bin/grep
configure:4196: checking for egrep
configure:4258: result: /bin/grep -E
configure:4263: checking for ANSI C header files
configure:4283: gcc -c -g -O2  conftest.c >&5
configure:4283: $? = 0
configure:4356: gcc -o conftest -g -O2   conftest.c  >&5
configure:4356: $? = 0
configure:4356: ./conftest
configure:4356: $? = 0
configure:4367: result: yes
configure:4380: checking for sys/types.h
configure:4380: gcc -c -g -O2  conftest.c >&5
configure:4380: $? = 0
configure:4380: result: yes
configure:4380: checking for sys/stat.h
configure:4380: gcc -c -g -O2  conftest.c >&5
configure:4380: $? = 0
configure:4380: result: yes
configure:4380: checking for stdlib.h
configure:4380: gcc -c -g -O2  conftest.c >&5
configure:4380: $? = 0
configure:4380: result: yes
configure:4380: checking for string.h
configure:4380: gcc -c -g -O2  conftest.c >&5
configure:4380: $? = 0
configure:4380: result: yes
configure:4380: checking for memory.h
configure:4380: gcc -c -g -O2  conftest.c >&5
configure:4380: $? = 0
configure:4380: result: yes
configure:4380: checking for strings.h
configure:4380: gcc -c -g -O2  conftest.c >&5
configure:4380: $? = 0
configure:4380: result: yes
configure:4380: checking for inttypes.h
configure:4380: gcc -c -g -O2  conftest.c >&5
configure:4380: $? = 0
configure:4380: result: yes
configure:4380: checking for stdint.h
configure:4380: gcc -c -g -O2  conftest.c >&5
configure:4380: $? = 0
configure:4380: result: yes
configure:4380: checking for unistd.h
configure:4380: gcc -c -g -O2  conftest.c >&5
configure:4380: $? = 0
configure:4380: result: yes
configure:4395: checking fcntl.h usability
configure:4395: gcc -c -g -O2  conftest.c >&5
configure:4395: $? = 0
configure:4395: result: yes
configure:4395: checking fcntl.h presence
configure:4395: gcc -E  conftest.c
configure:4395: $? = 0
configure:4395: result: yes
configure:4395: checking for fcntl.h
configure:4395: result: yes
configure:4395: checking limits.h usability
configure:4395: gcc -c -g -O2  conftest.c >&5
configure:4395: $? = 0
configure:4395: result: yes
configure:4395: checking limits.h presence
configure:4395: gcc -E  conftest.c
configure:4395: $? = 0
configure:4395: result: yes
configure:4395: checking for limits.h
configure:4395: result: yes
configure:4395: checking for stdlib.h
configure:4395: result: yes
configure:4395: checking for string.h
configure:4395: result: yes
configure:4395: checking sys/statvfs.h usability
configure:4395: gcc -c -g -O2  conftest.c >&5
configure:4395: $? = 0
configure:4395: result: yes
configure:4395: checking sys/statvfs.h presence
configure:4395: gcc -E  conftest.c
configure:4395: $? = 0
configure:4395: result: yes
configure:4395: checking for sys/statvfs.h
configure:4395: result: yes
configure:4395: checking for unistd.h
configure:4395: result: yes
configure:4395: checking utime.h usability
configure:4395: gcc -c -g -O2  conftest.c >&5
configure:4395: $? = 0
configure:4395: result: yes
configure:4395: checking utime.h presence
configure:4395: gcc -E  conftest.c
configure:4395: $? = 0
configure:4395: result: yes
configure:4395: checking for utime.h
configure:4395: result: yes
configure:4395: checking sys/xattr.h usability
configure:4395: gcc -c -g -O2  conftest.c >&5
configure:4395: $? = 0
configure:4395: result: yes
configure:4395: checking sys/xattr.h presence
configure:4395: gcc -E  conftest.c
configure:4395: $? = 0
configure:4395: result: yes
configure:4395: checking for sys/xattr.h
configure:4395: result: yes
configure:4461: checking for pkg-config
configure:4479: found /usr/bin/pkg-config
configure:4491: result: /usr/bin/pkg-config
configure:4516: checking pkg-config is at least version 0.9.0
configure:4519: result: yes
configure:4529: checking for FUSE
configure:4536: $PKG_CONFIG --exists --print-errors "fuse"
Package fuse was not found in the pkg-config search path.
Perhaps you should add the directory containing `fuse.pc'
to the PKG_CONFIG_PATH environment variable
No package 'fuse' found
configure:4539: $? = 1
configure:4553: $PKG_CONFIG --exists --print-errors "fuse"
Package fuse was not found in the pkg-config search path.
Perhaps you should add the directory containing `fuse.pc'
to the PKG_CONFIG_PATH environment variable
No package 'fuse' found
configure:4556: $? = 1
configure:4570: result: no
No package 'fuse' found
configure:4586: error: Package requirements (fuse) were not met:

No package 'fuse' found

Consider adjusting the PKG_CONFIG_PATH environment variable if you
installed software in a non-standard prefix.

Alternatively, you may set the environment variables FUSE_CFLAGS
and FUSE_LIBS to avoid the need to call pkg-config.
See the pkg-config man page for more details.

## ---------------- ##
## Cache variables. ##
## ---------------- ##

ac_cv_c_compiler_gnu=yes
ac_cv_env_CC_set=
ac_cv_env_CC_value=
ac_cv_env_CFLAGS_set=
ac_cv_env_CFLAGS_value=
ac_cv_env_CPPFLAGS_set=
ac_cv_env_CPPFLAGS_value=
ac_cv_env_CPP_set=
ac_cv_env_CPP_value=
ac_cv_env_FUSE_CFLAGS_set=
ac_cv_env_FUSE_CFLAGS_value=
ac_cv_env_FUSE_LIBS_set=
ac_cv_env_FUSE_LIBS_value=
ac_cv_env_LDFLAGS_set=
ac_cv_env_LDFLAGS_value=
ac_cv_env_LIBS_set=
ac_cv_env_LIBS_value=
ac_cv_env_PKG_CONFIG_LIBDIR_set=
ac_cv_env_PKG_CONFIG_LIBDIR_value=
ac_cv_env_PKG_CONFIG_PATH_set=
ac_cv_env_PKG_CONFIG_PATH_value=
ac_cv_env_PKG_CONFIG_set=
ac_cv_env_PKG_CONFIG_value=
ac_cv_env_build_alias_set=
ac_cv_env_build_alias_value=
ac_cv_env_host_alias_set=
ac_cv_env_host_alias_value=
ac_cv_env_target_alias_set=
ac_cv_env_target_alias_value=
ac_cv_header_fcntl_h=yes
ac_cv_header_inttypes_h=yes
ac_cv_header_limits_h=yes
ac_cv_header_memory_h=yes
ac_cv_header_stdc=yes
ac_cv_header_stdint_h=yes
ac_cv_header_stdlib_h=yes
ac_cv_header_string_h=yes
ac_cv_header_strings_h=yes
ac_cv_header_sys_stat_h=yes
ac_cv_header_sys_statvfs_h=yes
ac_cv_header_sys_types_h=yes
ac_cv_header_sys_xattr_h=yes
ac_cv_header_unistd_h=yes
ac_cv_header_utime_h=yes
ac_cv_objext=o
ac_cv_path_EGREP='/bin/grep -E'
ac_cv_path_GREP=/bin/grep
ac_cv_path_ac_pt_PKG_CONFIG=/usr/bin/pkg-config
ac_cv_path_install='/usr/bin/install -c'
ac_cv_path_mkdir=/bin/mkdir
ac_cv_prog_AWK=mawk
ac_cv_prog_CPP='gcc -E'
ac_cv_prog_ac_ct_CC=gcc
ac_cv_prog_cc_c89=
ac_cv_prog_cc_g=yes
ac_cv_prog_make_make_set=yes
am_cv_CC_dependencies_compiler_type=gcc3
am_cv_make_support_nested_variables=yes
am_cv_prog_cc_c_o=yes

## ----------------- ##
## Output variables. ##
## ----------------- ##

ACLOCAL='${SHELL} /home/meet/NPHFS/missing aclocal-1.15'
AMDEPBACKSLASH='\'
AMDEP_FALSE='#'
AMDEP_TRUE=''
AMTAR='$${TAR-tar}'
AM_BACKSLASH='\'
AM_DEFAULT_V='$(AM_DEFAULT_VERBOSITY)'
AM_DEFAULT_VERBOSITY='1'
AM_V='$(V)'
AUTOCONF='${SHELL} /home/meet/NPHFS/missing autoconf'
AUTOHEADER='${SHELL} /home/meet/NPHFS/missing autoheader'
AUTOMAKE='${SHELL} /home/meet/NPHFS/missing automake-1.15'
AWK='mawk'
CC='gcc'
CCDEPMODE='depmode=gcc3'
CFLAGS='-g -O2'
CPP='gcc -E'
CPPFLAGS=''
CYGPATH_W='echo'
DEFS=''
DEPDIR='.deps'
ECHO_C=''
ECHO_N='-n'
ECHO_T=''
EGREP='/bin/grep -E'
EXEEXT=''
FUSE_CFLAGS=''
FUSE_LIBS=''
GREP='/bin/grep'
INSTALL_DATA='${INSTALL} -m 644'
INSTALL_PROGRAM='${INSTALL}'
INSTALL_SCRIPT='${INSTALL}'
INSTALL_STRIP_PROGRAM='$(install_sh) -c -s'
LDFLAGS=''
LIBOBJS=''
LIBS=''
LTLIBOBJS=''
MAKEINFO='${SHELL} /home/meet/NPHFS/missing makeinfo'
MKDIR_P='/bin/mkdir -p'
OBJEXT='o'
PACKAGE='npheap-fuse'
PACKAGE_BUGREPORT='htseng3@ncsu.edu'
PACKAGE_NAME='npheap-fuse'
PACKAGE_STRING='npheap-fuse 2017-10-03'
PACKAGE_TARNAME='npheap-fuse'
PACKAGE_URL=''
PACKAGE_VERSION='2017-10-03'
PATH_SEPARATOR=':'
PKG_CONFIG='/usr/bin/pkg-config'
PKG_CONFIG_LIBDIR=''
PKG_CONFIG_PATH=''
SET_MAKE=''
SHELL='/bin/bash'
STRIP=''
VERSION='2017-10-03'
ac_ct_CC='gcc'
am__EXEEXT_FALSE=''
am__EXEEXT_TRUE=''
am__fastdepCC_FALSE='#'
am__fastdepCC_TRUE=''
am__include='include'
am__isrc=''
am__leading_dot='.'
am__nodep='_no'
am__quote=''
am__tar='$${TAR-tar} chof - "$$tardir"'
am__untar='$${TAR-tar} xf -'
bindir='${exec_prefix}/bin'
build_alias=''
datadir='${datarootdir}'
datarootdir='${prefix}/share'
docdir='${datarootdir}/doc/${PACKAGE_TARNAME}'
dvidir='${docdir}'
exec_prefix='NONE'
host_alias=''
htmldir='${docdir}'
includedir='${prefix}/include'
infodir='${datarootdir}/info'
install_sh='${SHELL} /home/meet/NPHFS/install-sh'
libdir='${exec_prefix}/lib'
libexecdir='${exec_prefix}/libexec'
localedir='${datarootdir}/locale'
localstatedir='${prefix}/var'
mandir='${datarootdir}/man'
mkdir_p='$(MKDIR_P)'
oldincludedir='/usr/include'
pdfdir='${docdir}'
prefix='NONE'
program_transform_name='s,x,x,'
psdir='${docdir}'
runstatedir='${localstatedir}/run'
sbindir='${exec_prefix}/sbin'
sharedstatedir='${prefix}/com'
sysconfdir='${prefix}/etc'
target_alias=''

## ----------- ##
## confdefs.h. ##
## ----------- ##

/* confdefs.h */
#define PACKAGE_NAME "npheap-fuse"
#define PACKAGE_TARNAME "npheap-fuse"
#define PACKAGE_VERSION "2017-10-03"
#define PACKAGE_STRING "npheap-fuse 2017-10-03"
#define PACKAGE_BUGREPORT "htseng3@ncsu.edu"
#define PACKAGE_URL ""
#define PACKAGE "npheap-fuse"
#define VERSION "2017-10-03"
#define STDC_HEADERS 1
#define HAVE_SYS_TYPES_H 1
#define HAVE_SYS_STAT_H 1
#define HAVE_STDLIB_H 1
#define HAVE_STRING_H 1
#define HAVE_MEMORY_H 1
#define HAVE_STRINGS_H 1
#define HAVE_INTTYPES_H 1
#define HAVE_STDINT_H 1
#define HAVE_UNISTD_H 1
#define HAVE_FCNTL_H 1
#define HAVE_LIMITS_H 1
#define HAVE_STDLIB_H 1
#define HAVE_STRING_H 1
#define HAVE_SYS_STATVFS_H 1
#define HAVE_UNISTD_H 1
#define HAVE_UTIME_H 1
#define HAVE_SYS_XATTR_H 1

configure: exit 1
